<?xml version="1.0" encoding="UTF-8"?>
<!-- Generated by org.testng.reporters.JUnitXMLReporter -->
<testsuite hostname="Ahammed" ignored="0" name="Default test(failed)" tests="1" failures="1" timestamp="30 Nov 2017 05:42:12 GMT" time="7.639" errors="0">
  <testcase name="inputFormWithVelidation_Dynamic" time="0.0" classname="inputFormWithVelidation.TC009_inputFormWithVelidation_Dynamic">
    <failure type="org.testng.TestNGException" message="
Data Provider public java.lang.Object[][] inputFormWithVelidation.TC009_inputFormWithVelidation_Dynamic.getData() must return either Object[][] or Object[] or Iterator&amp;lt;Object[]&amp;gt; or Iterator&amp;lt;Object&amp;gt;, not class [[Ljava.lang.Object;">
      <![CDATA[org.testng.TestNGException: 
Data Provider public java.lang.Object[][] inputFormWithVelidation.TC009_inputFormWithVelidation_Dynamic.getData() must return either Object[][] or Object[] or Iterator<Object[]> or Iterator<Object>, not class [[Ljava.lang.Object;
... Removed 22 stack frames]]>
    </failure>
  </testcase> <!-- inputFormWithVelidation_Dynamic -->
</testsuite> <!-- Default test(failed) -->
