<?xml version="1.0" encoding="UTF-8"?>
<!-- Generated by org.testng.reporters.JUnitXMLReporter -->
<testsuite hostname="Ahammed" name="All Demo test" tests="7" failures="1" timestamp="29 Nov 2017 03:51:04 GMT" time="73.568" errors="0">
  <testcase name="SimpleFormDemo" time="0.979" classname="simpleFormDemo.TC001_SimpleFormDemo_SingleInput"/>
  <testcase name="methodName" time="16.12" classname="simpleFormDemo.TC002_simpleFormDemo_DoubleInput"/>
  <testcase name="checkBoxDemo_singles" time="1.021" classname="checkBoxDemo.TC003_checkBoxDemo_single"/>
  <testcase name="checkBoxDemo_multiBox" time="1.014" classname="checkBoxDemo.TC004_checkBoxDemo_multiBox"/>
  <testcase name="radioButtonDemo" time="0.833" classname="radioButtonDemo.TC005_radioButtonDemo"/>
  <testcase name="radioButtonDemo" time="1.011" classname="radioButtonDemo.TC006_radioButtonDemo">
    <failure type="junit.framework.AssertionFailedError" message="expected:&amp;lt;false&amp;gt; but was:&amp;lt;true&amp;gt;">
      <![CDATA[junit.framework.AssertionFailedError: expected:<false> but was:<true>
	at junit.framework.Assert.fail(Assert.java:50)
	at junit.framework.Assert.failNotEquals(Assert.java:287)
	at junit.framework.Assert.assertEquals(Assert.java:67)
	at junit.framework.Assert.assertEquals(Assert.java:147)
	at junit.framework.Assert.assertEquals(Assert.java:153)
	at radioButtonDemo.radioButtonDemo_multiButton.verifyDispaly(radioButtonDemo_multiButton.java:45)
	at radioButtonDemo.radioButtonDemo_multiButton.radioButtonFinal(radioButtonDemo_multiButton.java:55)
	at radioButtonDemo.TC006_radioButtonDemo.radioButtonDemo(TC006_radioButtonDemo.java:20)
... Removed 24 stack frames]]>
    </failure>
  </testcase> <!-- radioButtonDemo -->
  <testcase name="selectDropDownListFirstManu" time="1.277" classname="selectDropDownList.TC007_selectDropDownListFirstManu"/>
</testsuite> <!-- All Demo test -->
