<?xml version="1.0" encoding="UTF-8"?>
<!-- Generated by org.testng.reporters.JUnitXMLReporter -->
<testsuite hostname="DESKTOP-O0HJJDF" ignored="0" name="checkBoxDemo_single" tests="2" failures="0" timestamp="03 Oct 2018 18:08:58 GMT" time="18.508" errors="0">
  <testcase name="checkBoxDemo_singles" time="1.312" classname="checkBoxDemo.TC003_checkBoxDemo_single"/>
  <testcase name="checkBoxDemo_multiBox" time="0.953" classname="checkBoxDemo.TC004_checkBoxDemo_multiBox"/>
</testsuite> <!-- checkBoxDemo_single -->
