<?xml version="1.0" encoding="UTF-8"?>
<!-- Generated by org.testng.reporters.JUnitXMLReporter -->
<testsuite hostname="Ahammed" ignored="0" name="inputFromWithVelidation_Dynamic" tests="11" failures="0" timestamp="30 Nov 2017 08:00:53 GMT" time="155.829" errors="0">
  <testcase name="inputFormWithVelidation" time="3.67" classname="inputFormWithVelidation.TC008_inputFormWithVelidation"/>
  <testcase name="inputFormWithVelidation_Dynamic" time="4.32" classname="inputFormWithVelidation.TC009_inputFormWithVelidation_Dynamic"/>
  <testcase name="inputFormWithVelidation_Dynamic" time="4.351" classname="inputFormWithVelidation.TC009_inputFormWithVelidation_Dynamic"/>
  <testcase name="inputFormWithVelidation_Dynamic" time="4.348" classname="inputFormWithVelidation.TC009_inputFormWithVelidation_Dynamic"/>
  <testcase name="inputFormWithVelidation_Dynamic" time="4.533" classname="inputFormWithVelidation.TC009_inputFormWithVelidation_Dynamic"/>
  <testcase name="inputFormWithVelidation_Dynamic" time="4.369" classname="inputFormWithVelidation.TC009_inputFormWithVelidation_Dynamic"/>
  <testcase name="inputFormWithVelidation_Dynamic" time="4.325" classname="inputFormWithVelidation.TC009_inputFormWithVelidation_Dynamic"/>
  <testcase name="inputFormWithVelidation_Dynamic" time="4.308" classname="inputFormWithVelidation.TC009_inputFormWithVelidation_Dynamic"/>
  <testcase name="inputFormWithVelidation_Dynamic" time="4.397" classname="inputFormWithVelidation.TC009_inputFormWithVelidation_Dynamic"/>
  <testcase name="inputFormWithVelidation_Dynamic" time="6.389" classname="inputFormWithVelidation.TC009_inputFormWithVelidation_Dynamic"/>
  <testcase name="inputFormWithVelidation_Dynamic" time="4.364" classname="inputFormWithVelidation.TC009_inputFormWithVelidation_Dynamic"/>
</testsuite> <!-- inputFromWithVelidation_Dynamic -->
