<?xml version="1.0" encoding="UTF-8"?>
<!-- Generated by org.testng.reporters.JUnitXMLReporter -->
<testsuite hostname="DESKTOP-O0HJJDF" ignored="0" name="radioButtonDemo" tests="2" failures="1" timestamp="03 Oct 2018 18:09:18 GMT" time="19.331" errors="0">
  <testcase name="radioButtonDemo" time="0.886" classname="radioButtonDemo.TC005_radioButtonDemo"/>
  <testcase name="radioButtonDemo" time="0.923" classname="radioButtonDemo.TC006_radioButtonDemo">
    <failure type="junit.framework.AssertionFailedError" message="expected:&amp;lt;false&amp;gt; but was:&amp;lt;true&amp;gt;">
      <![CDATA[junit.framework.AssertionFailedError: expected:<false> but was:<true>
at junit.framework.Assert.fail(Assert.java:50)
at junit.framework.Assert.failNotEquals(Assert.java:287)
at junit.framework.Assert.assertEquals(Assert.java:67)
at junit.framework.Assert.assertEquals(Assert.java:147)
at junit.framework.Assert.assertEquals(Assert.java:153)
at radioButtonDemo.radioButtonDemo_multiButton.verifyDispaly(radioButtonDemo_multiButton.java:45)
at radioButtonDemo.radioButtonDemo_multiButton.radioButtonFinal(radioButtonDemo_multiButton.java:55)
at radioButtonDemo.TC006_radioButtonDemo.radioButtonDemo(TC006_radioButtonDemo.java:20)
... Removed 25 stack frames]]>
    </failure>
  </testcase> <!-- radioButtonDemo -->
</testsuite> <!-- radioButtonDemo -->
