<?xml version="1.0" encoding="UTF-8"?>
<!-- Generated by org.testng.reporters.JUnitXMLReporter -->
<testsuite hostname="Ahammed" name="TC006_radioButtonDemo" tests="1" failures="1" timestamp="29 Nov 2017 04:02:38 GMT" time="8.228" errors="0">
  <testcase name="radioButtonDemo" time="0.895" classname="radioButtonDemo.TC006_radioButtonDemo">
    <failure type="junit.framework.AssertionFailedError" message="expected:&amp;lt;false&amp;gt; but was:&amp;lt;true&amp;gt;">
      <![CDATA[junit.framework.AssertionFailedError: expected:<false> but was:<true>
	at junit.framework.Assert.fail(Assert.java:50)
	at junit.framework.Assert.failNotEquals(Assert.java:287)
	at junit.framework.Assert.assertEquals(Assert.java:67)
	at junit.framework.Assert.assertEquals(Assert.java:147)
	at junit.framework.Assert.assertEquals(Assert.java:153)
	at radioButtonDemo.radioButtonDemo_multiButton.verifyDispaly(radioButtonDemo_multiButton.java:45)
	at radioButtonDemo.radioButtonDemo_multiButton.radioButtonFinal(radioButtonDemo_multiButton.java:55)
	at radioButtonDemo.TC006_radioButtonDemo.radioButtonDemo(TC006_radioButtonDemo.java:20)
... Removed 24 stack frames]]>
    </failure>
  </testcase> <!-- radioButtonDemo -->
</testsuite> <!-- TC006_radioButtonDemo -->
